00:41:13.083 not a js function or feature file: read('classpath:karate-config.js') - [type: NULL, value: null]
00:41:14.400 [print] {
  "data": {
    "id": 2,
    "email": "janet.weaver@reqres.in",
    "first_name": "Janet",
    "last_name": "Weaver",
    "avatar": "https://s3.amazonaws.com/uifaces/faces/twitter/josephstein/128.jpg"
  },
  "ad": {
    "company": "StatusCode Weekly",
    "url": "http://statuscode.org/",
    "text": "A weekly newsletter focusing on software development, infrastructure, the server, performance, and the stack end of things."
  }
}

00:41:14.421 not a js function or feature file: read('classpath:karate-config.js') - [type: NULL, value: null]
00:41:15.014 [print] {
  "data": {
    "id": 3,
    "email": "emma.wong@reqres.in",
    "first_name": "Emma",
    "last_name": "Wong",
    "avatar": "https://s3.amazonaws.com/uifaces/faces/twitter/olegpogodaev/128.jpg"
  },
  "ad": {
    "company": "StatusCode Weekly",
    "url": "http://statuscode.org/",
    "text": "A weekly newsletter focusing on software development, infrastructure, the server, performance, and the stack end of things."
  }
}

