23:43:51.595 [main] INFO  com.intuit.karate.Runner - Karate version: 0.9.0
23:43:52.428 [ForkJoinPool-1-worker-3] WARN  com.intuit.karate - not a js function or feature file: read('classpath:karate-config.js') - [type: NULL, value: null]
23:43:52.432 [ForkJoinPool-1-worker-7] WARN  com.intuit.karate - not a js function or feature file: read('classpath:karate-config.js') - [type: NULL, value: null]
23:43:52.435 [ForkJoinPool-1-worker-5] WARN  com.intuit.karate - not a js function or feature file: read('classpath:karate-config.js') - [type: NULL, value: null]
23:43:52.438 [ForkJoinPool-1-worker-9] WARN  com.intuit.karate - not a js function or feature file: read('classpath:karate-config.js') - [type: NULL, value: null]
23:43:52.441 [ForkJoinPool-1-worker-11] WARN  com.intuit.karate - not a js function or feature file: read('classpath:karate-config.js') - [type: NULL, value: null]
23:43:53.898 [ForkJoinPool-1-worker-9] INFO  com.intuit.karate - [print] {
  "page": 2,
  "per_page": 6,
  "total": 12,
  "total_pages": 2,
  "data": [
    {
      "id": 7,
      "email": "michael.lawson@reqres.in",
      "first_name": "Michael",
      "last_name": "Lawson",
      "avatar": "https://s3.amazonaws.com/uifaces/faces/twitter/follettkyle/128.jpg"
    },
    {
      "id": 8,
      "email": "lindsay.ferguson@reqres.in",
      "first_name": "Lindsay",
      "last_name": "Ferguson",
      "avatar": "https://s3.amazonaws.com/uifaces/faces/twitter/araa3185/128.jpg"
    },
    {
      "id": 9,
      "email": "tobias.funke@reqres.in",
      "first_name": "Tobias",
      "last_name": "Funke",
      "avatar": "https://s3.amazonaws.com/uifaces/faces/twitter/vivekprvr/128.jpg"
    },
    {
      "id": 10,
      "email": "byron.fields@reqres.in",
      "first_name": "Byron",
      "last_name": "Fields",
      "avatar": "https://s3.amazonaws.com/uifaces/faces/twitter/russoedu/128.jpg"
    },
    {
      "id": 11,
      "email": "george.edwards@reqres.in",
      "first_name": "George",
      "last_name": "Edwards",
      "avatar": "https://s3.amazonaws.com/uifaces/faces/twitter/mrmoiree/128.jpg"
    },
    {
      "id": 12,
      "email": "rachel.howell@reqres.in",
      "first_name": "Rachel",
      "last_name": "Howell",
      "avatar": "https://s3.amazonaws.com/uifaces/faces/twitter/hebertialmeida/128.jpg"
    }
  ],
  "ad": {
    "company": "StatusCode Weekly",
    "url": "http://statuscode.org/",
    "text": "A weekly newsletter focusing on software development, infrastructure, the server, performance, and the stack end of things."
  }
}

23:43:53.900 [ForkJoinPool-1-worker-5] INFO  com.intuit.karate - [print] {
  "data": {
    "id": 2,
    "email": "janet.weaver@reqres.in",
    "first_name": "Janet",
    "last_name": "Weaver",
    "avatar": "https://s3.amazonaws.com/uifaces/faces/twitter/josephstein/128.jpg"
  },
  "ad": {
    "company": "StatusCode Weekly",
    "url": "http://statuscode.org/",
    "text": "A weekly newsletter focusing on software development, infrastructure, the server, performance, and the stack end of things."
  }
}

23:43:53.908 [ForkJoinPool-1-worker-7] WARN  com.intuit.karate - not a js function or feature file: read('classpath:karate-config.js') - [type: NULL, value: null]
23:43:53.911 [ForkJoinPool-1-worker-9] WARN  com.intuit.karate - not a js function or feature file: read('classpath:karate-config.js') - [type: NULL, value: null]
23:43:53.913 [ForkJoinPool-1-worker-3] INFO  com.intuit.karate - [print] 955
23:43:53.926 [ForkJoinPool-1-worker-5] WARN  com.intuit.karate - not a js function or feature file: read('classpath:karate-config.js') - [type: NULL, value: null]
23:43:53.935 [ForkJoinPool-1-worker-11] INFO  com.intuit.karate - [print] {
  "page": 2,
  "per_page": 6,
  "total": 12,
  "total_pages": 2,
  "data": [
    {
      "id": 7,
      "email": "michael.lawson@reqres.in",
      "first_name": "Michael",
      "last_name": "Lawson",
      "avatar": "https://s3.amazonaws.com/uifaces/faces/twitter/follettkyle/128.jpg"
    },
    {
      "id": 8,
      "email": "lindsay.ferguson@reqres.in",
      "first_name": "Lindsay",
      "last_name": "Ferguson",
      "avatar": "https://s3.amazonaws.com/uifaces/faces/twitter/araa3185/128.jpg"
    },
    {
      "id": 9,
      "email": "tobias.funke@reqres.in",
      "first_name": "Tobias",
      "last_name": "Funke",
      "avatar": "https://s3.amazonaws.com/uifaces/faces/twitter/vivekprvr/128.jpg"
    },
    {
      "id": 10,
      "email": "byron.fields@reqres.in",
      "first_name": "Byron",
      "last_name": "Fields",
      "avatar": "https://s3.amazonaws.com/uifaces/faces/twitter/russoedu/128.jpg"
    },
    {
      "id": 11,
      "email": "george.edwards@reqres.in",
      "first_name": "George",
      "last_name": "Edwards",
      "avatar": "https://s3.amazonaws.com/uifaces/faces/twitter/mrmoiree/128.jpg"
    },
    {
      "id": 12,
      "email": "rachel.howell@reqres.in",
      "first_name": "Rachel",
      "last_name": "Howell",
      "avatar": "https://s3.amazonaws.com/uifaces/faces/twitter/hebertialmeida/128.jpg"
    }
  ],
  "ad": {
    "company": "StatusCode Weekly",
    "url": "http://statuscode.org/",
    "text": "A weekly newsletter focusing on software development, infrastructure, the server, performance, and the stack end of things."
  }
}

23:43:54.294 [ForkJoinPool-1-worker-9] INFO  com.intuit.karate - [print] {
  "data": {
    "id": 2,
    "email": "janet.weaver@reqres.in",
    "first_name": "Janet",
    "last_name": "Weaver",
    "avatar": "https://s3.amazonaws.com/uifaces/faces/twitter/josephstein/128.jpg"
  },
  "ad": {
    "company": "StatusCode Weekly",
    "url": "http://statuscode.org/",
    "text": "A weekly newsletter focusing on software development, infrastructure, the server, performance, and the stack end of things."
  }
}

23:43:54.303 [ForkJoinPool-1-worker-11] INFO  com.intuit.karate - [print] 347
23:43:54.309 [ForkJoinPool-1-worker-9] WARN  com.intuit.karate - not a js function or feature file: read('classpath:karate-config.js') - [type: NULL, value: null]
23:43:54.465 [ForkJoinPool-1-worker-5] WARN  com.intuit.karate - not a js function or feature file: read('classpath:karate-config.js') - [type: NULL, value: null]
23:43:54.644 [ForkJoinPool-1-worker-7] INFO  com.intuit.karate - [print]
23:43:54.653 [ForkJoinPool-1-worker-7] WARN  com.intuit.karate - not a js function or feature file: read('classpath:karate-config.js') - [type: NULL, value: null]
23:43:54.742 [ForkJoinPool-1-worker-11] INFO  com.intuit.karate - [print]
23:43:54.749 [ForkJoinPool-1-worker-9] INFO  com.intuit.karate - [print] {
  "data": {
    "id": 3,
    "email": "emma.wong@reqres.in",
    "first_name": "Emma",
    "last_name": "Wong",
    "avatar": "https://s3.amazonaws.com/uifaces/faces/twitter/olegpogodaev/128.jpg"
  },
  "ad": {
    "company": "StatusCode Weekly",
    "url": "http://statuscode.org/",
    "text": "A weekly newsletter focusing on software development, infrastructure, the server, performance, and the stack end of things."
  }
}

23:43:54.965 [ForkJoinPool-1-worker-5] INFO  com.intuit.karate.Runner - <<pass>> feature 2 of 4: classpath:examples/users/features/UserGet2.feature
23:43:54.965 [ForkJoinPool-1-worker-9] INFO  com.intuit.karate.Runner - <<pass>> feature 3 of 4: classpath:examples/users/features/UserGet2AnotherApproach.feature
23:43:55.018 [ForkJoinPool-1-worker-7] INFO  com.intuit.karate - [print] page number is :  2
23:43:55.028 [ForkJoinPool-1-worker-5] INFO  com.intuit.karate.Runner - <<pass>> feature 1 of 4: classpath:examples/users/features/UserGet1.feature
23:43:55.039 [ForkJoinPool-1-worker-11] INFO  com.intuit.karate - [print] page number is :  2
23:43:55.194 [ForkJoinPool-1-worker-11] INFO  com.intuit.karate - [print] result ...... :  {
  "__arg": null,
  "expectedResponse": {
    "data": {
      "id": 2,
      "email": "janet.weaver@reqres.in",
      "first_name": "Janet",
      "last_name": "Weaver",
      "avatar": "https://s3.amazonaws.com/uifaces/faces/twitter/josephstein/128.jpg"
    },
    "ad": {
      "company": "StatusCode Weekly",
      "url": "#ignore",
      "text": "A weekly newsletter focusing on software development, infrastructure, the server, performance, and the stack end of things."
    }
  },
  "responseHeaders": {
    "Date": [
      "Sun, 10 May 2020 04:43:51 GMT"
    ],
    "Content-Type": [
      "application/json; charset=utf-8"
    ],
    "Transfer-Encoding": [
      "chunked"
    ],
    "Connection": [
      "keep-alive"
    ],
    "Set-Cookie": [
      "__cfduid=de4ff2293b0cdbce5e4d4e4cc02a446a41589085831; expires=Tue, 09-Jun-20 04:43:51 GMT; path=/; domain=.reqres.in; HttpOnly; SameSite=Lax; Secure"
    ],
    "X-Powered-By": [
      "Express"
    ],
    "Access-Control-Allow-Origin": [
      "*"
    ],
    "Etag": [
      "W/\"4dd-IPv5LdOOb6s5S9E3i59wBCJ1k/0\""
    ],
    "Via": [
      "1.1 vegur"
    ],
    "Cache-Control": [
      "max-age=14400"
    ],
    "CF-Cache-Status": [
      "HIT"
    ],
    "Age": [
      "371"
    ],
    "Expect-CT": [
      "max-age=604800, report-uri=\"https://report-uri.cloudflare.com/cdn-cgi/beacon/expect-ct\""
    ],
    "Vary": [
      "Accept-Encoding"
    ],
    "Server": [
      "cloudflare"
    ],
    "CF-RAY": [
      "59110070e93c0388-ORD"
    ],
    "cf-request-id": [
      "029e7e9a95000003889c226200000001"
    ]
  },
  "feature": com.intuit.karate.core.Feature@2fdc02d6,
  "responseTime": 289,
  "response": {
    "page": 2,
    "per_page": 6,
    "total": 12,
    "total_pages": 2,
    "data": [
      {
        "id": 7,
        "email": "michael.lawson@reqres.in",
        "first_name": "Michael",
        "last_name": "Lawson",
        "avatar": "https://s3.amazonaws.com/uifaces/faces/twitter/follettkyle/128.jpg"
      },
      {
        "id": 8,
        "email": "lindsay.ferguson@reqres.in",
        "first_name": "Lindsay",
        "last_name": "Ferguson",
        "avatar": "https://s3.amazonaws.com/uifaces/faces/twitter/araa3185/128.jpg"
      },
      {
        "id": 9,
        "email": "tobias.funke@reqres.in",
        "first_name": "Tobias",
        "last_name": "Funke",
        "avatar": "https://s3.amazonaws.com/uifaces/faces/twitter/vivekprvr/128.jpg"
      },
      {
        "id": 10,
        "email": "byron.fields@reqres.in",
        "first_name": "Byron",
        "last_name": "Fields",
        "avatar": "https://s3.amazonaws.com/uifaces/faces/twitter/russoedu/128.jpg"
      },
      {
        "id": 11,
        "email": "george.edwards@reqres.in",
        "first_name": "George",
        "last_name": "Edwards",
        "avatar": "https://s3.amazonaws.com/uifaces/faces/twitter/mrmoiree/128.jpg"
      },
      {
        "id": 12,
        "email": "rachel.howell@reqres.in",
        "first_name": "Rachel",
        "last_name": "Howell",
        "avatar": "https://s3.amazonaws.com/uifaces/faces/twitter/hebertialmeida/128.jpg"
      }
    ],
    "ad": {
      "company": "StatusCode Weekly",
      "url": "http://statuscode.org/",
      "text": "A weekly newsletter focusing on software development, infrastructure, the server, performance, and the stack end of things."
    }
  },
  "requestTimeStamp": 1589089434748,
  "responseStatus": 200,
  "__loop": -1,
  "responseCookies": {
    "__cfduid": {
      "name": "__cfduid",
      "value": "de4ff2293b0cdbce5e4d4e4cc02a446a41589085831",
      "domain": "reqres.in",
      "path": "/",
      "expires": "1591677831000",
      "persistent": "true",
      "secure": "true"
    }
  }
}

23:43:55.216 [ForkJoinPool-1-worker-11] INFO  com.intuit.karate - [print] firstname value : ....  
23:43:55.222 [ForkJoinPool-1-worker-3] INFO  com.intuit.karate.Runner - <<pass>> feature 4 of 4: classpath:examples/users/features/UserGet2CallingFeatureFile.feature
00:41:12.320 [main] INFO  com.intuit.karate.Runner - Karate version: 0.9.0
00:41:13.077 [ForkJoinPool-1-worker-7] WARN  com.intuit.karate - not a js function or feature file: read('classpath:karate-config.js') - [type: NULL, value: null]
00:41:13.081 [ForkJoinPool-1-worker-3] WARN  com.intuit.karate - not a js function or feature file: read('classpath:karate-config.js') - [type: NULL, value: null]
00:41:13.077 [ForkJoinPool-1-worker-11] WARN  com.intuit.karate - not a js function or feature file: read('classpath:karate-config.js') - [type: NULL, value: null]
00:41:13.086 [ForkJoinPool-1-worker-9] WARN  com.intuit.karate - not a js function or feature file: read('classpath:karate-config.js') - [type: NULL, value: null]
00:41:14.399 [ForkJoinPool-1-worker-3] INFO  com.intuit.karate - [print] {
  "page": 2,
  "per_page": 6,
  "total": 12,
  "total_pages": 2,
  "data": [
    {
      "id": 7,
      "email": "michael.lawson@reqres.in",
      "first_name": "Michael",
      "last_name": "Lawson",
      "avatar": "https://s3.amazonaws.com/uifaces/faces/twitter/follettkyle/128.jpg"
    },
    {
      "id": 8,
      "email": "lindsay.ferguson@reqres.in",
      "first_name": "Lindsay",
      "last_name": "Ferguson",
      "avatar": "https://s3.amazonaws.com/uifaces/faces/twitter/araa3185/128.jpg"
    },
    {
      "id": 9,
      "email": "tobias.funke@reqres.in",
      "first_name": "Tobias",
      "last_name": "Funke",
      "avatar": "https://s3.amazonaws.com/uifaces/faces/twitter/vivekprvr/128.jpg"
    },
    {
      "id": 10,
      "email": "byron.fields@reqres.in",
      "first_name": "Byron",
      "last_name": "Fields",
      "avatar": "https://s3.amazonaws.com/uifaces/faces/twitter/russoedu/128.jpg"
    },
    {
      "id": 11,
      "email": "george.edwards@reqres.in",
      "first_name": "George",
      "last_name": "Edwards",
      "avatar": "https://s3.amazonaws.com/uifaces/faces/twitter/mrmoiree/128.jpg"
    },
    {
      "id": 12,
      "email": "rachel.howell@reqres.in",
      "first_name": "Rachel",
      "last_name": "Howell",
      "avatar": "https://s3.amazonaws.com/uifaces/faces/twitter/hebertialmeida/128.jpg"
    }
  ],
  "ad": {
    "company": "StatusCode Weekly",
    "url": "http://statuscode.org/",
    "text": "A weekly newsletter focusing on software development, infrastructure, the server, performance, and the stack end of things."
  }
}

00:41:14.399 [ForkJoinPool-1-worker-11] INFO  com.intuit.karate - [print] {
  "data": {
    "id": 2,
    "email": "janet.weaver@reqres.in",
    "first_name": "Janet",
    "last_name": "Weaver",
    "avatar": "https://s3.amazonaws.com/uifaces/faces/twitter/josephstein/128.jpg"
  },
  "ad": {
    "company": "StatusCode Weekly",
    "url": "http://statuscode.org/",
    "text": "A weekly newsletter focusing on software development, infrastructure, the server, performance, and the stack end of things."
  }
}

00:41:14.420 [ForkJoinPool-1-worker-11] WARN  com.intuit.karate - not a js function or feature file: read('classpath:karate-config.js') - [type: NULL, value: null]
00:41:14.542 [ForkJoinPool-1-worker-7] WARN  com.intuit.karate - not a js function or feature file: read('classpath:karate-config.js') - [type: NULL, value: null]
00:41:14.764 [ForkJoinPool-1-worker-9] INFO  com.intuit.karate - [print] {
  "data": {
    "id": 2,
    "email": "janet.weaver@reqres.in",
    "first_name": "Janet",
    "last_name": "Weaver",
    "avatar": "https://s3.amazonaws.com/uifaces/faces/twitter/josephstein/128.jpg"
  },
  "ad": {
    "company": "StatusCode Weekly",
    "url": "http://statuscode.org/",
    "text": "A weekly newsletter focusing on software development, infrastructure, the server, performance, and the stack end of things."
  }
}

00:41:14.783 [ForkJoinPool-1-worker-3] INFO  com.intuit.karate - [print] 375
00:41:14.976 [ForkJoinPool-1-worker-7] WARN  com.intuit.karate - not a js function or feature file: read('classpath:karate-config.js') - [type: NULL, value: null]
00:41:15.013 [ForkJoinPool-1-worker-11] INFO  com.intuit.karate - [print] {
  "data": {
    "id": 3,
    "email": "emma.wong@reqres.in",
    "first_name": "Emma",
    "last_name": "Wong",
    "avatar": "https://s3.amazonaws.com/uifaces/faces/twitter/olegpogodaev/128.jpg"
  },
  "ad": {
    "company": "StatusCode Weekly",
    "url": "http://statuscode.org/",
    "text": "A weekly newsletter focusing on software development, infrastructure, the server, performance, and the stack end of things."
  }
}

00:41:15.027 [ForkJoinPool-1-worker-11] WARN  com.intuit.karate - not a js function or feature file: read('classpath:karate-config.js') - [type: NULL, value: null]
00:41:15.199 [ForkJoinPool-1-worker-9] INFO  com.intuit.karate.Runner - <<pass>> feature 3 of 4: classpath:examples/users/features/UserGet2AnotherApproach.feature
00:41:15.214 [ForkJoinPool-1-worker-9] WARN  com.intuit.karate - not a js function or feature file: read('classpath:karate-config.js') - [type: NULL, value: null]
00:41:15.282 [ForkJoinPool-1-worker-7] INFO  com.intuit.karate.Runner - <<pass>> feature 2 of 4: classpath:examples/users/features/UserGet2.feature
00:41:15.290 [ForkJoinPool-1-worker-7] WARN  com.intuit.karate - not a js function or feature file: read('classpath:karate-config.js') - [type: NULL, value: null]
00:41:15.400 [ForkJoinPool-1-worker-11] INFO  com.intuit.karate - [print] {
  "page": 2,
  "per_page": 6,
  "total": 12,
  "total_pages": 2,
  "data": [
    {
      "id": 7,
      "email": "michael.lawson@reqres.in",
      "first_name": "Michael",
      "last_name": "Lawson",
      "avatar": "https://s3.amazonaws.com/uifaces/faces/twitter/follettkyle/128.jpg"
    },
    {
      "id": 8,
      "email": "lindsay.ferguson@reqres.in",
      "first_name": "Lindsay",
      "last_name": "Ferguson",
      "avatar": "https://s3.amazonaws.com/uifaces/faces/twitter/araa3185/128.jpg"
    },
    {
      "id": 9,
      "email": "tobias.funke@reqres.in",
      "first_name": "Tobias",
      "last_name": "Funke",
      "avatar": "https://s3.amazonaws.com/uifaces/faces/twitter/vivekprvr/128.jpg"
    },
    {
      "id": 10,
      "email": "byron.fields@reqres.in",
      "first_name": "Byron",
      "last_name": "Fields",
      "avatar": "https://s3.amazonaws.com/uifaces/faces/twitter/russoedu/128.jpg"
    },
    {
      "id": 11,
      "email": "george.edwards@reqres.in",
      "first_name": "George",
      "last_name": "Edwards",
      "avatar": "https://s3.amazonaws.com/uifaces/faces/twitter/mrmoiree/128.jpg"
    },
    {
      "id": 12,
      "email": "rachel.howell@reqres.in",
      "first_name": "Rachel",
      "last_name": "Howell",
      "avatar": "https://s3.amazonaws.com/uifaces/faces/twitter/hebertialmeida/128.jpg"
    }
  ],
  "ad": {
    "company": "StatusCode Weekly",
    "url": "http://statuscode.org/",
    "text": "A weekly newsletter focusing on software development, infrastructure, the server, performance, and the stack end of things."
  }
}

00:41:15.414 [ForkJoinPool-1-worker-11] WARN  com.intuit.karate - not a js function or feature file: read('classpath:karate-config.js') - [type: NULL, value: null]
00:41:15.553 [ForkJoinPool-1-worker-9] INFO  com.intuit.karate - [print] 333
00:41:15.699 [ForkJoinPool-1-worker-11] INFO  com.intuit.karate - [print] page number is :  2
00:41:15.720 [ForkJoinPool-1-worker-7] INFO  com.intuit.karate - [print]
00:41:15.733 [ForkJoinPool-1-worker-9] INFO  com.intuit.karate.Runner - <<pass>> feature 1 of 4: classpath:examples/users/features/UserGet1.feature
00:41:17.923 [ForkJoinPool-1-worker-3] INFO  com.intuit.karate - [print]
00:41:19.169 [ForkJoinPool-1-worker-3] INFO  com.intuit.karate - [print] page number is :  2
00:41:20.101 [ForkJoinPool-1-worker-3] INFO  com.intuit.karate - [print] result ...... :  {
  "__arg": null,
  "expectedResponse": {
    "data": {
      "id": 2,
      "email": "janet.weaver@reqres.in",
      "first_name": "Janet",
      "last_name": "Weaver",
      "avatar": "https://s3.amazonaws.com/uifaces/faces/twitter/josephstein/128.jpg"
    },
    "ad": {
      "company": "StatusCode Weekly",
      "url": "#ignore",
      "text": "A weekly newsletter focusing on software development, infrastructure, the server, performance, and the stack end of things."
    }
  },
  "responseHeaders": {
    "Date": [
      "Sun, 10 May 2020 05:41:16 GMT"
    ],
    "Content-Type": [
      "application/json; charset=utf-8"
    ],
    "Transfer-Encoding": [
      "chunked"
    ],
    "Connection": [
      "keep-alive"
    ],
    "Set-Cookie": [
      "__cfduid=d83a991c2c287e52b14f3ddd952da4afa1589089276; expires=Tue, 09-Jun-20 05:41:16 GMT; path=/; domain=.reqres.in; HttpOnly; SameSite=Lax; Secure"
    ],
    "X-Powered-By": [
      "Express"
    ],
    "Access-Control-Allow-Origin": [
      "*"
    ],
    "Etag": [
      "W/\"4dd-IPv5LdOOb6s5S9E3i59wBCJ1k/0\""
    ],
    "Via": [
      "1.1 vegur"
    ],
    "Cache-Control": [
      "max-age=14400"
    ],
    "CF-Cache-Status": [
      "HIT"
    ],
    "Age": [
      "3816"
    ],
    "Expect-CT": [
      "max-age=604800, report-uri=\"https://report-uri.cloudflare.com/cdn-cgi/beacon/expect-ct\""
    ],
    "Vary": [
      "Accept-Encoding"
    ],
    "Server": [
      "cloudflare"
    ],
    "CF-RAY": [
      "591154876b2ae1de-ORD"
    ],
    "cf-request-id": [
      "029eb328a00000e1de7619a200000001"
    ]
  },
  "feature": com.intuit.karate.core.Feature@610c9703,
  "responseTime": 1240,
  "response": {
    "page": 2,
    "per_page": 6,
    "total": 12,
    "total_pages": 2,
    "data": [
      {
        "id": 7,
        "email": "michael.lawson@reqres.in",
        "first_name": "Michael",
        "last_name": "Lawson",
        "avatar": "https://s3.amazonaws.com/uifaces/faces/twitter/follettkyle/128.jpg"
      },
      {
        "id": 8,
        "email": "lindsay.ferguson@reqres.in",
        "first_name": "Lindsay",
        "last_name": "Ferguson",
        "avatar": "https://s3.amazonaws.com/uifaces/faces/twitter/araa3185/128.jpg"
      },
      {
        "id": 9,
        "email": "tobias.funke@reqres.in",
        "first_name": "Tobias",
        "last_name": "Funke",
        "avatar": "https://s3.amazonaws.com/uifaces/faces/twitter/vivekprvr/128.jpg"
      },
      {
        "id": 10,
        "email": "byron.fields@reqres.in",
        "first_name": "Byron",
        "last_name": "Fields",
        "avatar": "https://s3.amazonaws.com/uifaces/faces/twitter/russoedu/128.jpg"
      },
      {
        "id": 11,
        "email": "george.edwards@reqres.in",
        "first_name": "George",
        "last_name": "Edwards",
        "avatar": "https://s3.amazonaws.com/uifaces/faces/twitter/mrmoiree/128.jpg"
      },
      {
        "id": 12,
        "email": "rachel.howell@reqres.in",
        "first_name": "Rachel",
        "last_name": "Howell",
        "avatar": "https://s3.amazonaws.com/uifaces/faces/twitter/hebertialmeida/128.jpg"
      }
    ],
    "ad": {
      "company": "StatusCode Weekly",
      "url": "http://statuscode.org/",
      "text": "A weekly newsletter focusing on software development, infrastructure, the server, performance, and the stack end of things."
    }
  },
  "requestTimeStamp": 1589092877928,
  "responseStatus": 200,
  "__loop": -1,
  "responseCookies": {
    "__cfduid": {
      "name": "__cfduid",
      "value": "d83a991c2c287e52b14f3ddd952da4afa1589089276",
      "domain": "reqres.in",
      "path": "/",
      "expires": "1591681276000",
      "persistent": "true",
      "secure": "true"
    }
  }
}

00:41:20.118 [ForkJoinPool-1-worker-3] INFO  com.intuit.karate - [print] firstname value : ....  
00:41:20.124 [ForkJoinPool-1-worker-5] INFO  com.intuit.karate.Runner - <<pass>> feature 4 of 4: classpath:examples/users/features/UserGet2CallingFeatureFile.feature
